<?xml version="1.0" encoding="UTF-8"?>
<!-- Generated by org.testng.reporters.JUnitReportReporter -->
<testsuite skipped="0" hostname="BDC6-DX-6BBBNK2" name="Cucumber1.cs4" tests="1" failures="0" timestamp="21 Nov 2019 09:10:44 GMT" time="0.017" errors="0">
  <testcase name="testmeapp_doesn_t_display_the_cart_icon" time="0.017" classname="Cucumber1.cs4"/>
</testsuite> <!-- Cucumber1.cs4 -->
